<?xml version="1.0" encoding="UTF-8"?>
<testsuite xmlns:xsi="http://www.w3.org/2001/XMLSchema-instance" xsi:noNamespaceSchemaLocation="https://maven.apache.org/surefire/maven-surefire-plugin/xsd/surefire-test-report-3.0.xsd" version="3.0" name="eCom.backEnd.BackEndApplicationTests" time="14.202" tests="1" errors="0" skipped="0" failures="0">
  <properties>
[...]
</properties>
  <testcase name="contextLoads" classname="eCom.backEnd.BackEndApplicationTests" time="0.89">
    <system-out><![CDATA[23:37:31.199 [main] INFO org.springframework.test.context.support.AnnotationConfigContextLoaderUtils -- Could not detect default configuration classes for test class [eCom.backEnd.BackEndApplicationTests]: BackEndApplicationTests does not declare any static, non-private, non-final, nested classes annotated with @Configuration.
23:37:31.307 [main] INFO org.springframework.boot.test.context.SpringBootTestContextBootstrapper -- Found @SpringBootConfiguration eCom.backEnd.BackEndApplication for test class eCom.backEnd.BackEndApplicationTests
23:37:31.502 [main] INFO org.springframework.boot.devtools.restart.RestartApplicationListener -- Restart disabled due to context in which it is running

  .   ____          _            __ _ _
 /\\ / ___'_ __ _ _(_)_ __  __ _ \ \ \ \
( ( )\___ | '_ | '_| | '_ \/ _` | \ \ \ \
 \\/  ___)| |_)| | | | | || (_| |  ) ) ) )
  '  |____| .__|_| |_|_| |_\__, | / / / /
 =========|_|==============|___/=/_/_/_/
 :: Spring Boot ::                (v3.2.1)

2024-01-13T23:37:31.755+05:30  INFO 15040 --- [           main] eCom.backEnd.BackEndApplicationTests     : Starting BackEndApplicationTests using Java 17.0.9 with PID 15040 (started by shubh in D:\Development\e-com\backEnd)
2024-01-13T23:37:31.757+05:30  INFO 15040 --- [           main] eCom.backEnd.BackEndApplicationTests     : No active profile set, falling back to 1 default profile: "default"
2024-01-13T23:37:32.430+05:30  INFO 15040 --- [           main] .s.d.r.c.RepositoryConfigurationDelegate : Bootstrapping Spring Data JPA repositories in DEFAULT mode.
2024-01-13T23:37:32.499+05:30  INFO 15040 --- [           main] .s.d.r.c.RepositoryConfigurationDelegate : Finished Spring Data repository scanning in 56 ms. Found 2 JPA repository interfaces.
2024-01-13T23:37:33.159+05:30  INFO 15040 --- [           main] o.hibernate.jpa.internal.util.LogHelper  : HHH000204: Processing PersistenceUnitInfo [name: default]
2024-01-13T23:37:33.223+05:30  INFO 15040 --- [           main] org.hibernate.Version                    : HHH000412: Hibernate ORM core version 6.4.1.Final
2024-01-13T23:37:33.268+05:30  INFO 15040 --- [           main] o.h.c.internal.RegionFactoryInitiator    : HHH000026: Second-level cache disabled
2024-01-13T23:37:33.410+05:30 DEBUG 15040 --- [           main] org.hibernate.type.BasicTypeRegistry     : Adding type registration boolean -> org.hibernate.type.BasicTypeReference@3cc3f13e
2024-01-13T23:37:33.410+05:30 DEBUG 15040 --- [           main] org.hibernate.type.BasicTypeRegistry     : Adding type registration boolean -> org.hibernate.type.BasicTypeReference@3cc3f13e
2024-01-13T23:37:33.411+05:30 DEBUG 15040 --- [           main] org.hibernate.type.BasicTypeRegistry     : Adding type registration java.lang.Boolean -> org.hibernate.type.BasicTypeReference@3cc3f13e
2024-01-13T23:37:33.411+05:30 DEBUG 15040 --- [           main] org.hibernate.type.BasicTypeRegistry     : Adding type registration numeric_boolean -> org.hibernate.type.BasicTypeReference@69b3886f
2024-01-13T23:37:33.411+05:30 DEBUG 15040 --- [           main] org.hibernate.type.BasicTypeRegistry     : Adding type registration org.hibernate.type.NumericBooleanConverter -> org.hibernate.type.BasicTypeReference@69b3886f
2024-01-13T23:37:33.411+05:30 DEBUG 15040 --- [           main] org.hibernate.type.BasicTypeRegistry     : Adding type registration true_false -> org.hibernate.type.BasicTypeReference@53d30d23
2024-01-13T23:37:33.411+05:30 DEBUG 15040 --- [           main] org.hibernate.type.BasicTypeRegistry     : Adding type registration org.hibernate.type.TrueFalseConverter -> org.hibernate.type.BasicTypeReference@53d30d23
2024-01-13T23:37:33.411+05:30 DEBUG 15040 --- [           main] org.hibernate.type.BasicTypeRegistry     : Adding type registration yes_no -> org.hibernate.type.BasicTypeReference@44faa4f2
2024-01-13T23:37:33.411+05:30 DEBUG 15040 --- [           main] org.hibernate.type.BasicTypeRegistry     : Adding type registration org.hibernate.type.YesNoConverter -> org.hibernate.type.BasicTypeReference@44faa4f2
2024-01-13T23:37:33.411+05:30 DEBUG 15040 --- [           main] org.hibernate.type.BasicTypeRegistry     : Adding type registration byte -> org.hibernate.type.BasicTypeReference@6793f752
2024-01-13T23:37:33.411+05:30 DEBUG 15040 --- [           main] org.hibernate.type.BasicTypeRegistry     : Adding type registration byte -> org.hibernate.type.BasicTypeReference@6793f752
2024-01-13T23:37:33.411+05:30 DEBUG 15040 --- [           main] org.hibernate.type.BasicTypeRegistry     : Adding type registration java.lang.Byte -> org.hibernate.type.BasicTypeReference@6793f752
2024-01-13T23:37:33.412+05:30 DEBUG 15040 --- [           main] org.hibernate.type.BasicTypeRegistry     : Adding type registration binary -> org.hibernate.type.BasicTypeReference@1216eb3f
2024-01-13T23:37:33.412+05:30 DEBUG 15040 --- [           main] org.hibernate.type.BasicTypeRegistry     : Adding type registration byte[] -> org.hibernate.type.BasicTypeReference@1216eb3f
2024-01-13T23:37:33.412+05:30 DEBUG 15040 --- [           main] org.hibernate.type.BasicTypeRegistry     : Adding type registration [B -> org.hibernate.type.BasicTypeReference@1216eb3f
2024-01-13T23:37:33.412+05:30 DEBUG 15040 --- [           main] org.hibernate.type.BasicTypeRegistry     : Adding type registration binary_wrapper -> org.hibernate.type.BasicTypeReference@307af381
2024-01-13T23:37:33.412+05:30 DEBUG 15040 --- [           main] org.hibernate.type.BasicTypeRegistry     : Adding type registration wrapper-binary -> org.hibernate.type.BasicTypeReference@307af381
2024-01-13T23:37:33.412+05:30 DEBUG 15040 --- [           main] org.hibernate.type.BasicTypeRegistry     : Adding type registration image -> org.hibernate.type.BasicTypeReference@1510b9a2
2024-01-13T23:37:33.412+05:30 DEBUG 15040 --- [           main] org.hibernate.type.BasicTypeRegistry     : Adding type registration blob -> org.hibernate.type.BasicTypeReference@76a6f045
2024-01-13T23:37:33.412+05:30 DEBUG 15040 --- [           main] org.hibernate.type.BasicTypeRegistry     : Adding type registration java.sql.Blob -> org.hibernate.type.BasicTypeReference@76a6f045
2024-01-13T23:37:33.412+05:30 DEBUG 15040 --- [           main] org.hibernate.type.BasicTypeRegistry     : Adding type registration materialized_blob -> org.hibernate.type.BasicTypeReference@633ddc0c
2024-01-13T23:37:33.413+05:30 DEBUG 15040 --- [           main] org.hibernate.type.BasicTypeRegistry     : Adding type registration materialized_blob_wrapper -> org.hibernate.type.BasicTypeReference@4bcdd11
2024-01-13T23:37:33.413+05:30 DEBUG 15040 --- [           main] org.hibernate.type.BasicTypeRegistry     : Adding type registration short -> org.hibernate.type.BasicTypeReference@1471b98d
2024-01-13T23:37:33.413+05:30 DEBUG 15040 --- [           main] org.hibernate.type.BasicTypeRegistry     : Adding type registration short -> org.hibernate.type.BasicTypeReference@1471b98d
2024-01-13T23:37:33.413+05:30 DEBUG 15040 --- [           main] org.hibernate.type.BasicTypeRegistry     : Adding type registration java.lang.Short -> org.hibernate.type.BasicTypeReference@1471b98d
2024-01-13T23:37:33.413+05:30 DEBUG 15040 --- [           main] org.hibernate.type.BasicTypeRegistry     : Adding type registration integer -> org.hibernate.type.BasicTypeReference@5514579e
2024-01-13T23:37:33.413+05:30 DEBUG 15040 --- [           main] org.hibernate.type.BasicTypeRegistry     : Adding type registration int -> org.hibernate.type.BasicTypeReference@5514579e
2024-01-13T23:37:33.413+05:30 DEBUG 15040 --- [           main] org.hibernate.type.BasicTypeRegistry     : Adding type registration java.lang.Integer -> org.hibernate.type.BasicTypeReference@5514579e
2024-01-13T23:37:33.413+05:30 DEBUG 15040 --- [           main] org.hibernate.type.BasicTypeRegistry     : Adding type registration long -> org.hibernate.type.BasicTypeReference@58c42c8c
2024-01-13T23:37:33.413+05:30 DEBUG 15040 --- [           main] org.hibernate.type.BasicTypeRegistry     : Adding type registration long -> org.hibernate.type.BasicTypeReference@58c42c8c
2024-01-13T23:37:33.413+05:30 DEBUG 15040 --- [           main] org.hibernate.type.BasicTypeRegistry     : Adding type registration java.lang.Long -> org.hibernate.type.BasicTypeReference@58c42c8c
2024-01-13T23:37:33.413+05:30 DEBUG 15040 --- [           main] org.hibernate.type.BasicTypeRegistry     : Adding type registration float -> org.hibernate.type.BasicTypeReference@3af236d0
2024-01-13T23:37:33.413+05:30 DEBUG 15040 --- [           main] org.hibernate.type.BasicTypeRegistry     : Adding type registration float -> org.hibernate.type.BasicTypeReference@3af236d0
2024-01-13T23:37:33.414+05:30 DEBUG 15040 --- [           main] org.hibernate.type.BasicTypeRegistry     : Adding type registration java.lang.Float -> org.hibernate.type.BasicTypeReference@3af236d0
2024-01-13T23:37:33.414+05:30 DEBUG 15040 --- [           main] org.hibernate.type.BasicTypeRegistry     : Adding type registration double -> org.hibernate.type.BasicTypeReference@23564dd2
2024-01-13T23:37:33.414+05:30 DEBUG 15040 --- [           main] org.hibernate.type.BasicTypeRegistry     : Adding type registration double -> org.hibernate.type.BasicTypeReference@23564dd2
2024-01-13T23:37:33.414+05:30 DEBUG 15040 --- [           main] org.hibernate.type.BasicTypeRegistry     : Adding type registration java.lang.Double -> org.hibernate.type.BasicTypeReference@23564dd2
2024-01-13T23:37:33.414+05:30 DEBUG 15040 --- [           main] org.hibernate.type.BasicTypeRegistry     : Adding type registration big_integer -> org.hibernate.type.BasicTypeReference@54895681
2024-01-13T23:37:33.414+05:30 DEBUG 15040 --- [           main] org.hibernate.type.BasicTypeRegistry     : Adding type registration java.math.BigInteger -> org.hibernate.type.BasicTypeReference@54895681
2024-01-13T23:37:33.414+05:30 DEBUG 15040 --- [           main] org.hibernate.type.BasicTypeRegistry     : Adding type registration big_decimal -> org.hibernate.type.BasicTypeReference@2dd0a0d0
2024-01-13T23:37:33.414+05:30 DEBUG 15040 --- [           main] org.hibernate.type.BasicTypeRegistry     : Adding type registration java.math.BigDecimal -> org.hibernate.type.BasicTypeReference@2dd0a0d0
2024-01-13T23:37:33.414+05:30 DEBUG 15040 --- [           main] org.hibernate.type.BasicTypeRegistry     : Adding type registration character -> org.hibernate.type.BasicTypeReference@6bf570c
2024-01-13T23:37:33.414+05:30 DEBUG 15040 --- [           main] org.hibernate.type.BasicTypeRegistry     : Adding type registration char -> org.hibernate.type.BasicTypeReference@6bf570c
2024-01-13T23:37:33.414+05:30 DEBUG 15040 --- [           main] org.hibernate.type.BasicTypeRegistry     : Adding type registration java.lang.Character -> org.hibernate.type.BasicTypeReference@6bf570c
2024-01-13T23:37:33.414+05:30 DEBUG 15040 --- [           main] org.hibernate.type.BasicTypeRegistry     : Adding type registration character_nchar -> org.hibernate.type.BasicTypeReference@1796b2d4
2024-01-13T23:37:33.415+05:30 DEBUG 15040 --- [           main] org.hibernate.type.BasicTypeRegistry     : Adding type registration string -> org.hibernate.type.BasicTypeReference@935d3f9
2024-01-13T23:37:33.415+05:30 DEBUG 15040 --- [           main] org.hibernate.type.BasicTypeRegistry     : Adding type registration java.lang.String -> org.hibernate.type.BasicTypeReference@935d3f9
2024-01-13T23:37:33.415+05:30 DEBUG 15040 --- [           main] org.hibernate.type.BasicTypeRegistry     : Adding type registration nstring -> org.hibernate.type.BasicTypeReference@214b342f
2024-01-13T23:37:33.415+05:30 DEBUG 15040 --- [           main] org.hibernate.type.BasicTypeRegistry     : Adding type registration characters -> org.hibernate.type.BasicTypeReference@5db0003d
2024-01-13T23:37:33.415+05:30 DEBUG 15040 --- [           main] org.hibernate.type.BasicTypeRegistry     : Adding type registration char[] -> org.hibernate.type.BasicTypeReference@5db0003d
2024-01-13T23:37:33.415+05:30 DEBUG 15040 --- [           main] org.hibernate.type.BasicTypeRegistry     : Adding type registration [C -> org.hibernate.type.BasicTypeReference@5db0003d
2024-01-13T23:37:33.415+05:30 DEBUG 15040 --- [           main] org.hibernate.type.BasicTypeRegistry     : Adding type registration wrapper-characters -> org.hibernate.type.BasicTypeReference@7f12094d
2024-01-13T23:37:33.415+05:30 DEBUG 15040 --- [           main] org.hibernate.type.BasicTypeRegistry     : Adding type registration text -> org.hibernate.type.BasicTypeReference@589fb74d
2024-01-13T23:37:33.415+05:30 DEBUG 15040 --- [           main] org.hibernate.type.BasicTypeRegistry     : Adding type registration ntext -> org.hibernate.type.BasicTypeReference@200d1a3d
2024-01-13T23:37:33.415+05:30 DEBUG 15040 --- [           main] org.hibernate.type.BasicTypeRegistry     : Adding type registration clob -> org.hibernate.type.BasicTypeReference@7de147e9
2024-01-13T23:37:33.415+05:30 DEBUG 15040 --- [           main] org.hibernate.type.BasicTypeRegistry     : Adding type registration java.sql.Clob -> org.hibernate.type.BasicTypeReference@7de147e9
2024-01-13T23:37:33.415+05:30 DEBUG 15040 --- [           main] org.hibernate.type.BasicTypeRegistry     : Adding type registration nclob -> org.hibernate.type.BasicTypeReference@12567179
2024-01-13T23:37:33.415+05:30 DEBUG 15040 --- [           main] org.hibernate.type.BasicTypeRegistry     : Adding type registration java.sql.NClob -> org.hibernate.type.BasicTypeReference@12567179
2024-01-13T23:37:33.416+05:30 DEBUG 15040 --- [           main] org.hibernate.type.BasicTypeRegistry     : Adding type registration materialized_clob -> org.hibernate.type.BasicTypeReference@37d699a1
2024-01-13T23:37:33.416+05:30 DEBUG 15040 --- [           main] org.hibernate.type.BasicTypeRegistry     : Adding type registration materialized_clob_char_array -> org.hibernate.type.BasicTypeReference@7f42b194
2024-01-13T23:37:33.416+05:30 DEBUG 15040 --- [           main] org.hibernate.type.BasicTypeRegistry     : Adding type registration materialized_clob_character_array -> org.hibernate.type.BasicTypeReference@8eb6f9a
2024-01-13T23:37:33.416+05:30 DEBUG 15040 --- [           main] org.hibernate.type.BasicTypeRegistry     : Adding type registration materialized_nclob -> org.hibernate.type.BasicTypeReference@29170a47
2024-01-13T23:37:33.416+05:30 DEBUG 15040 --- [           main] org.hibernate.type.BasicTypeRegistry     : Adding type registration materialized_nclob_character_array -> org.hibernate.type.BasicTypeReference@2a8f8555
2024-01-13T23:37:33.416+05:30 DEBUG 15040 --- [           main] org.hibernate.type.BasicTypeRegistry     : Adding type registration materialized_nclob_char_array -> org.hibernate.type.BasicTypeReference@402b4f81
2024-01-13T23:37:33.416+05:30 DEBUG 15040 --- [           main] org.hibernate.type.BasicTypeRegistry     : Adding type registration Duration -> org.hibernate.type.BasicTypeReference@13ef7fa1
2024-01-13T23:37:33.416+05:30 DEBUG 15040 --- [           main] org.hibernate.type.BasicTypeRegistry     : Adding type registration java.time.Duration -> org.hibernate.type.BasicTypeReference@13ef7fa1
2024-01-13T23:37:33.416+05:30 DEBUG 15040 --- [           main] org.hibernate.type.BasicTypeRegistry     : Adding type registration LocalDateTime -> org.hibernate.type.BasicTypeReference@23b1aa9
2024-01-13T23:37:33.416+05:30 DEBUG 15040 --- [           main] org.hibernate.type.BasicTypeRegistry     : Adding type registration java.time.LocalDateTime -> org.hibernate.type.BasicTypeReference@23b1aa9
2024-01-13T23:37:33.416+05:30 DEBUG 15040 --- [           main] org.hibernate.type.BasicTypeRegistry     : Adding type registration LocalDate -> org.hibernate.type.BasicTypeReference@54489296
2024-01-13T23:37:33.416+05:30 DEBUG 15040 --- [           main] org.hibernate.type.BasicTypeRegistry     : Adding type registration java.time.LocalDate -> org.hibernate.type.BasicTypeReference@54489296
2024-01-13T23:37:33.417+05:30 DEBUG 15040 --- [           main] org.hibernate.type.BasicTypeRegistry     : Adding type registration LocalTime -> org.hibernate.type.BasicTypeReference@4e8598d9
2024-01-13T23:37:33.417+05:30 DEBUG 15040 --- [           main] org.hibernate.type.BasicTypeRegistry     : Adding type registration java.time.LocalTime -> org.hibernate.type.BasicTypeReference@4e8598d9
2024-01-13T23:37:33.417+05:30 DEBUG 15040 --- [           main] org.hibernate.type.BasicTypeRegistry     : Adding type registration OffsetDateTime -> org.hibernate.type.BasicTypeReference@267ff4df
2024-01-13T23:37:33.417+05:30 DEBUG 15040 --- [           main] org.hibernate.type.BasicTypeRegistry     : Adding type registration java.time.OffsetDateTime -> org.hibernate.type.BasicTypeReference@267ff4df
2024-01-13T23:37:33.417+05:30 DEBUG 15040 --- [           main] org.hibernate.type.BasicTypeRegistry     : Adding type registration OffsetDateTimeWithTimezone -> org.hibernate.type.BasicTypeReference@7c4b5ceb
2024-01-13T23:37:33.417+05:30 DEBUG 15040 --- [           main] org.hibernate.type.BasicTypeRegistry     : Adding type registration OffsetDateTimeWithoutTimezone -> org.hibernate.type.BasicTypeReference@6c07add6
2024-01-13T23:37:33.417+05:30 DEBUG 15040 --- [           main] org.hibernate.type.BasicTypeRegistry     : Adding type registration OffsetTime -> org.hibernate.type.BasicTypeReference@e26a3df
2024-01-13T23:37:33.417+05:30 DEBUG 15040 --- [           main] org.hibernate.type.BasicTypeRegistry     : Adding type registration java.time.OffsetTime -> org.hibernate.type.BasicTypeReference@e26a3df
2024-01-13T23:37:33.417+05:30 DEBUG 15040 --- [           main] org.hibernate.type.BasicTypeRegistry     : Adding type registration OffsetTimeUtc -> org.hibernate.type.BasicTypeReference@57a667c8
2024-01-13T23:37:33.417+05:30 DEBUG 15040 --- [           main] org.hibernate.type.BasicTypeRegistry     : Adding type registration OffsetTimeWithTimezone -> org.hibernate.type.BasicTypeReference@712cd5d3
2024-01-13T23:37:33.418+05:30 DEBUG 15040 --- [           main] org.hibernate.type.BasicTypeRegistry     : Adding type registration OffsetTimeWithoutTimezone -> org.hibernate.type.BasicTypeReference@2094bf3d
2024-01-13T23:37:33.418+05:30 DEBUG 15040 --- [           main] org.hibernate.type.BasicTypeRegistry     : Adding type registration ZonedDateTime -> org.hibernate.type.BasicTypeReference@1b17d8ab
2024-01-13T23:37:33.418+05:30 DEBUG 15040 --- [           main] org.hibernate.type.BasicTypeRegistry     : Adding type registration java.time.ZonedDateTime -> org.hibernate.type.BasicTypeReference@1b17d8ab
2024-01-13T23:37:33.418+05:30 DEBUG 15040 --- [           main] org.hibernate.type.BasicTypeRegistry     : Adding type registration ZonedDateTimeWithTimezone -> org.hibernate.type.BasicTypeReference@7f6b7426
2024-01-13T23:37:33.418+05:30 DEBUG 15040 --- [           main] org.hibernate.type.BasicTypeRegistry     : Adding type registration ZonedDateTimeWithoutTimezone -> org.hibernate.type.BasicTypeReference@687eb455
2024-01-13T23:37:33.418+05:30 DEBUG 15040 --- [           main] org.hibernate.type.BasicTypeRegistry     : Adding type registration date -> org.hibernate.type.BasicTypeReference@6d969330
2024-01-13T23:37:33.418+05:30 DEBUG 15040 --- [           main] org.hibernate.type.BasicTypeRegistry     : Adding type registration java.sql.Date -> org.hibernate.type.BasicTypeReference@6d969330
2024-01-13T23:37:33.418+05:30 DEBUG 15040 --- [           main] org.hibernate.type.BasicTypeRegistry     : Adding type registration time -> org.hibernate.type.BasicTypeReference@4861cca9
2024-01-13T23:37:33.418+05:30 DEBUG 15040 --- [           main] org.hibernate.type.BasicTypeRegistry     : Adding type registration java.sql.Time -> org.hibernate.type.BasicTypeReference@4861cca9
2024-01-13T23:37:33.418+05:30 DEBUG 15040 --- [           main] org.hibernate.type.BasicTypeRegistry     : Adding type registration timestamp -> org.hibernate.type.BasicTypeReference@6c8f4bc7
2024-01-13T23:37:33.418+05:30 DEBUG 15040 --- [           main] org.hibernate.type.BasicTypeRegistry     : Adding type registration java.sql.Timestamp -> org.hibernate.type.BasicTypeReference@6c8f4bc7
2024-01-13T23:37:33.418+05:30 DEBUG 15040 --- [           main] org.hibernate.type.BasicTypeRegistry     : Adding type registration java.util.Date -> org.hibernate.type.BasicTypeReference@6c8f4bc7
2024-01-13T23:37:33.418+05:30 DEBUG 15040 --- [           main] org.hibernate.type.BasicTypeRegistry     : Adding type registration calendar -> org.hibernate.type.BasicTypeReference@714e861f
2024-01-13T23:37:33.418+05:30 DEBUG 15040 --- [           main] org.hibernate.type.BasicTypeRegistry     : Adding type registration java.util.Calendar -> org.hibernate.type.BasicTypeReference@714e861f
2024-01-13T23:37:33.418+05:30 DEBUG 15040 --- [           main] org.hibernate.type.BasicTypeRegistry     : Adding type registration java.util.GregorianCalendar -> org.hibernate.type.BasicTypeReference@714e861f
2024-01-13T23:37:33.418+05:30 DEBUG 15040 --- [           main] org.hibernate.type.BasicTypeRegistry     : Adding type registration calendar_date -> org.hibernate.type.BasicTypeReference@28989415
2024-01-13T23:37:33.418+05:30 DEBUG 15040 --- [           main] org.hibernate.type.BasicTypeRegistry     : Adding type registration calendar_time -> org.hibernate.type.BasicTypeReference@6eda012b
2024-01-13T23:37:33.419+05:30 DEBUG 15040 --- [           main] org.hibernate.type.BasicTypeRegistry     : Adding type registration instant -> org.hibernate.type.BasicTypeReference@781dbe44
2024-01-13T23:37:33.419+05:30 DEBUG 15040 --- [           main] org.hibernate.type.BasicTypeRegistry     : Adding type registration java.time.Instant -> org.hibernate.type.BasicTypeReference@781dbe44
2024-01-13T23:37:33.419+05:30 DEBUG 15040 --- [           main] org.hibernate.type.BasicTypeRegistry     : Adding type registration uuid -> org.hibernate.type.BasicTypeReference@7d66a126
2024-01-13T23:37:33.419+05:30 DEBUG 15040 --- [           main] org.hibernate.type.BasicTypeRegistry     : Adding type registration java.util.UUID -> org.hibernate.type.BasicTypeReference@7d66a126
2024-01-13T23:37:33.419+05:30 DEBUG 15040 --- [           main] org.hibernate.type.BasicTypeRegistry     : Adding type registration pg-uuid -> org.hibernate.type.BasicTypeReference@7d66a126
2024-01-13T23:37:33.420+05:30 DEBUG 15040 --- [           main] org.hibernate.type.BasicTypeRegistry     : Adding type registration uuid-binary -> org.hibernate.type.BasicTypeReference@1132baa3
2024-01-13T23:37:33.420+05:30 DEBUG 15040 --- [           main] org.hibernate.type.BasicTypeRegistry     : Adding type registration uuid-char -> org.hibernate.type.BasicTypeReference@2fdf22f7
2024-01-13T23:37:33.420+05:30 DEBUG 15040 --- [           main] org.hibernate.type.BasicTypeRegistry     : Adding type registration class -> org.hibernate.type.BasicTypeReference@3a2546d6
2024-01-13T23:37:33.420+05:30 DEBUG 15040 --- [           main] org.hibernate.type.BasicTypeRegistry     : Adding type registration java.lang.Class -> org.hibernate.type.BasicTypeReference@3a2546d6
2024-01-13T23:37:33.420+05:30 DEBUG 15040 --- [           main] org.hibernate.type.BasicTypeRegistry     : Adding type registration currency -> org.hibernate.type.BasicTypeReference@7282af25
2024-01-13T23:37:33.420+05:30 DEBUG 15040 --- [           main] org.hibernate.type.BasicTypeRegistry     : Adding type registration Currency -> org.hibernate.type.BasicTypeReference@7282af25
2024-01-13T23:37:33.420+05:30 DEBUG 15040 --- [           main] org.hibernate.type.BasicTypeRegistry     : Adding type registration java.util.Currency -> org.hibernate.type.BasicTypeReference@7282af25
2024-01-13T23:37:33.420+05:30 DEBUG 15040 --- [           main] org.hibernate.type.BasicTypeRegistry     : Adding type registration locale -> org.hibernate.type.BasicTypeReference@7661e474
2024-01-13T23:37:33.420+05:30 DEBUG 15040 --- [           main] org.hibernate.type.BasicTypeRegistry     : Adding type registration java.util.Locale -> org.hibernate.type.BasicTypeReference@7661e474
2024-01-13T23:37:33.420+05:30 DEBUG 15040 --- [           main] org.hibernate.type.BasicTypeRegistry     : Adding type registration serializable -> org.hibernate.type.BasicTypeReference@20ffb8d5
2024-01-13T23:37:33.420+05:30 DEBUG 15040 --- [           main] org.hibernate.type.BasicTypeRegistry     : Adding type registration java.io.Serializable -> org.hibernate.type.BasicTypeReference@20ffb8d5
2024-01-13T23:37:33.420+05:30 DEBUG 15040 --- [           main] org.hibernate.type.BasicTypeRegistry     : Adding type registration timezone -> org.hibernate.type.BasicTypeReference@307c59ea
2024-01-13T23:37:33.421+05:30 DEBUG 15040 --- [           main] org.hibernate.type.BasicTypeRegistry     : Adding type registration java.util.TimeZone -> org.hibernate.type.BasicTypeReference@307c59ea
2024-01-13T23:37:33.421+05:30 DEBUG 15040 --- [           main] org.hibernate.type.BasicTypeRegistry     : Adding type registration ZoneOffset -> org.hibernate.type.BasicTypeReference@57e03347
2024-01-13T23:37:33.421+05:30 DEBUG 15040 --- [           main] org.hibernate.type.BasicTypeRegistry     : Adding type registration java.time.ZoneOffset -> org.hibernate.type.BasicTypeReference@57e03347
2024-01-13T23:37:33.421+05:30 DEBUG 15040 --- [           main] org.hibernate.type.BasicTypeRegistry     : Adding type registration url -> org.hibernate.type.BasicTypeReference@2edb2f8b
2024-01-13T23:37:33.421+05:30 DEBUG 15040 --- [           main] org.hibernate.type.BasicTypeRegistry     : Adding type registration java.net.URL -> org.hibernate.type.BasicTypeReference@2edb2f8b
2024-01-13T23:37:33.421+05:30 DEBUG 15040 --- [           main] org.hibernate.type.BasicTypeRegistry     : Adding type registration vector -> org.hibernate.type.BasicTypeReference@733f1395
2024-01-13T23:37:33.421+05:30 DEBUG 15040 --- [           main] org.hibernate.type.BasicTypeRegistry     : Adding type registration row_version -> org.hibernate.type.BasicTypeReference@21dea711
2024-01-13T23:37:33.425+05:30 DEBUG 15040 --- [           main] org.hibernate.type.BasicTypeRegistry     : Adding type registration object -> org.hibernate.type.JavaObjectType@374c3975
2024-01-13T23:37:33.425+05:30 DEBUG 15040 --- [           main] org.hibernate.type.BasicTypeRegistry     : Adding type registration java.lang.Object -> org.hibernate.type.JavaObjectType@374c3975
2024-01-13T23:37:33.426+05:30 DEBUG 15040 --- [           main] org.hibernate.type.BasicTypeRegistry     : Adding type registration null -> org.hibernate.type.NullType@24691c5
2024-01-13T23:37:33.426+05:30 DEBUG 15040 --- [           main] org.hibernate.type.BasicTypeRegistry     : Adding type registration imm_date -> org.hibernate.type.BasicTypeReference@7b91d9f
2024-01-13T23:37:33.426+05:30 DEBUG 15040 --- [           main] org.hibernate.type.BasicTypeRegistry     : Adding type registration imm_time -> org.hibernate.type.BasicTypeReference@6537ac
2024-01-13T23:37:33.426+05:30 DEBUG 15040 --- [           main] org.hibernate.type.BasicTypeRegistry     : Adding type registration imm_timestamp -> org.hibernate.type.BasicTypeReference@3b218c74
2024-01-13T23:37:33.426+05:30 DEBUG 15040 --- [           main] org.hibernate.type.BasicTypeRegistry     : Adding type registration imm_calendar -> org.hibernate.type.BasicTypeReference@ddffa6c
2024-01-13T23:37:33.426+05:30 DEBUG 15040 --- [           main] org.hibernate.type.BasicTypeRegistry     : Adding type registration imm_calendar_date -> org.hibernate.type.BasicTypeReference@42c54bad
2024-01-13T23:37:33.427+05:30 DEBUG 15040 --- [           main] org.hibernate.type.BasicTypeRegistry     : Adding type registration imm_calendar_time -> org.hibernate.type.BasicTypeReference@6bb4cc0e
2024-01-13T23:37:33.427+05:30 DEBUG 15040 --- [           main] org.hibernate.type.BasicTypeRegistry     : Adding type registration imm_binary -> org.hibernate.type.BasicTypeReference@5cc1bf20
2024-01-13T23:37:33.427+05:30 DEBUG 15040 --- [           main] org.hibernate.type.BasicTypeRegistry     : Adding type registration imm_serializable -> org.hibernate.type.BasicTypeReference@2e3f324e
2024-01-13T23:37:33.583+05:30  INFO 15040 --- [           main] o.s.o.j.p.SpringPersistenceUnitInfo      : No LoadTimeWeaver setup: ignoring JPA class transformer
2024-01-13T23:37:33.608+05:30  INFO 15040 --- [           main] com.zaxxer.hikari.HikariDataSource       : HikariPool-1 - Starting...
2024-01-13T23:37:36.674+05:30  INFO 15040 --- [           main] com.zaxxer.hikari.pool.HikariPool        : HikariPool-1 - Added connection com.mysql.cj.jdbc.ConnectionImpl@aedc426
2024-01-13T23:37:36.677+05:30  INFO 15040 --- [           main] com.zaxxer.hikari.HikariDataSource       : HikariPool-1 - Start completed.
2024-01-13T23:37:36.970+05:30  WARN 15040 --- [           main] org.hibernate.dialect.Dialect            : HHH000511: The 5.5.0 version for [org.hibernate.dialect.MySQLDialect] is no longer supported, hence certain features may not work properly. The minimum supported version is 8.0.0. Check the community dialects project for available legacy versions.
2024-01-13T23:37:36.999+05:30 DEBUG 15040 --- [           main] o.h.t.d.sql.spi.DdlTypeRegistry          : addDescriptor(12, org.hibernate.type.descriptor.sql.internal.CapacityDependentDdlType@57b130f6) replaced previous registration(org.hibernate.type.descriptor.sql.internal.CapacityDependentDdlType@67e4928c)
2024-01-13T23:37:37.000+05:30 DEBUG 15040 --- [           main] o.h.t.d.sql.spi.DdlTypeRegistry          : addDescriptor(-9, org.hibernate.type.descriptor.sql.internal.CapacityDependentDdlType@2cc61b3b) replaced previous registration(org.hibernate.type.descriptor.sql.internal.CapacityDependentDdlType@72e75786)
2024-01-13T23:37:37.000+05:30 DEBUG 15040 --- [           main] o.h.t.d.sql.spi.DdlTypeRegistry          : addDescriptor(-3, org.hibernate.type.descriptor.sql.internal.CapacityDependentDdlType@2c0fefac) replaced previous registration(org.hibernate.type.descriptor.sql.internal.CapacityDependentDdlType@6fbc7853)
2024-01-13T23:37:37.000+05:30 DEBUG 15040 --- [           main] o.h.t.d.sql.spi.DdlTypeRegistry          : addDescriptor(4003, org.hibernate.type.descriptor.sql.internal.DdlTypeImpl@733fa95c) replaced previous registration(org.hibernate.type.descriptor.sql.internal.DdlTypeImpl@3b2c8bda)
2024-01-13T23:37:37.000+05:30 DEBUG 15040 --- [           main] o.h.t.d.sql.spi.DdlTypeRegistry          : addDescriptor(4001, org.hibernate.type.descriptor.sql.internal.DdlTypeImpl@688d619c) replaced previous registration(org.hibernate.type.descriptor.sql.internal.DdlTypeImpl@647ff23e)
2024-01-13T23:37:37.000+05:30 DEBUG 15040 --- [           main] o.h.t.d.sql.spi.DdlTypeRegistry          : addDescriptor(4002, org.hibernate.type.descriptor.sql.internal.DdlTypeImpl@6a04d2a4) replaced previous registration(org.hibernate.type.descriptor.sql.internal.DdlTypeImpl@35a9e665)
2024-01-13T23:37:37.000+05:30 DEBUG 15040 --- [           main] o.h.t.d.sql.spi.DdlTypeRegistry          : addDescriptor(2004, org.hibernate.type.descriptor.sql.internal.CapacityDependentDdlType@362be0cd) replaced previous registration(org.hibernate.type.descriptor.sql.internal.DdlTypeImpl@2dde0a34)
2024-01-13T23:37:37.000+05:30 DEBUG 15040 --- [           main] o.h.t.d.sql.spi.DdlTypeRegistry          : addDescriptor(2005, org.hibernate.type.descriptor.sql.internal.CapacityDependentDdlType@61836cd9) replaced previous registration(org.hibernate.type.descriptor.sql.internal.DdlTypeImpl@1b632442)
2024-01-13T23:37:37.000+05:30 DEBUG 15040 --- [           main] o.h.t.d.sql.spi.DdlTypeRegistry          : addDescriptor(2011, org.hibernate.type.descriptor.sql.internal.CapacityDependentDdlType@7227926b) replaced previous registration(org.hibernate.type.descriptor.sql.internal.DdlTypeImpl@2f75a9b1)
2024-01-13T23:37:37.002+05:30 DEBUG 15040 --- [           main] o.h.t.d.jdbc.spi.JdbcTypeRegistry        : addDescriptor(NCharTypeDescriptor) replaced previous registration(CharTypeDescriptor)
2024-01-13T23:37:37.002+05:30 DEBUG 15040 --- [           main] o.h.t.d.jdbc.spi.JdbcTypeRegistry        : addDescriptor(NVarcharTypeDescriptor) replaced previous registration(VarcharTypeDescriptor)
2024-01-13T23:37:37.003+05:30 DEBUG 15040 --- [           main] o.h.t.d.jdbc.spi.JdbcTypeRegistry        : addDescriptor(LongNVarcharTypeDescriptor) replaced previous registration(LongVarcharTypeDescriptor)
2024-01-13T23:37:37.006+05:30 DEBUG 15040 --- [           main] o.h.t.d.jdbc.spi.JdbcTypeRegistry        : addDescriptor(NClobTypeDescriptor(DEFAULT)) replaced previous registration(ClobTypeDescriptor(DEFAULT))
2024-01-13T23:37:37.006+05:30 DEBUG 15040 --- [           main] o.h.t.d.jdbc.spi.JdbcTypeRegistry        : addDescriptor(2005, ClobTypeDescriptor(STREAM_BINDING)) replaced previous registration(ClobTypeDescriptor(DEFAULT))
2024-01-13T23:37:37.012+05:30 DEBUG 15040 --- [           main] org.hibernate.type.BasicTypeRegistry     : Adding type registration null -> org.hibernate.type.NullType@2de7c84a
2024-01-13T23:37:37.013+05:30 DEBUG 15040 --- [           main] org.hibernate.type.BasicTypeRegistry     : Type registration key [null] overrode previous entry : `org.hibernate.type.NullType@24691c5`
2024-01-13T23:37:37.016+05:30 DEBUG 15040 --- [           main] org.hibernate.type.BasicTypeRegistry     : Adding type registration org.hibernate.type.DurationType -> basicType@1(java.time.Duration,2)
2024-01-13T23:37:37.016+05:30 DEBUG 15040 --- [           main] org.hibernate.type.BasicTypeRegistry     : Adding type registration Duration -> basicType@1(java.time.Duration,2)
2024-01-13T23:37:37.016+05:30 DEBUG 15040 --- [           main] org.hibernate.type.BasicTypeRegistry     : Adding type registration java.time.Duration -> basicType@1(java.time.Duration,2)
2024-01-13T23:37:37.019+05:30 DEBUG 15040 --- [           main] org.hibernate.type.BasicTypeRegistry     : Adding type registration org.hibernate.type.OffsetDateTimeType -> basicType@2(java.time.OffsetDateTime,3003)
2024-01-13T23:37:37.019+05:30 DEBUG 15040 --- [           main] org.hibernate.type.BasicTypeRegistry     : Adding type registration OffsetDateTime -> basicType@2(java.time.OffsetDateTime,3003)
2024-01-13T23:37:37.020+05:30 DEBUG 15040 --- [           main] org.hibernate.type.BasicTypeRegistry     : Adding type registration java.time.OffsetDateTime -> basicType@2(java.time.OffsetDateTime,3003)
2024-01-13T23:37:37.020+05:30 DEBUG 15040 --- [           main] org.hibernate.type.BasicTypeRegistry     : Adding type registration org.hibernate.type.ZonedDateTimeType -> basicType@3(java.time.ZonedDateTime,3003)
2024-01-13T23:37:37.020+05:30 DEBUG 15040 --- [           main] org.hibernate.type.BasicTypeRegistry     : Adding type registration ZonedDateTime -> basicType@3(java.time.ZonedDateTime,3003)
2024-01-13T23:37:37.020+05:30 DEBUG 15040 --- [           main] org.hibernate.type.BasicTypeRegistry     : Adding type registration java.time.ZonedDateTime -> basicType@3(java.time.ZonedDateTime,3003)
2024-01-13T23:37:37.023+05:30 DEBUG 15040 --- [           main] org.hibernate.type.BasicTypeRegistry     : Adding type registration org.hibernate.type.OffsetTimeType -> basicType@4(java.time.OffsetTime,3007)
2024-01-13T23:37:37.023+05:30 DEBUG 15040 --- [           main] org.hibernate.type.BasicTypeRegistry     : Adding type registration OffsetTime -> basicType@4(java.time.OffsetTime,3007)
2024-01-13T23:37:37.023+05:30 DEBUG 15040 --- [           main] org.hibernate.type.BasicTypeRegistry     : Adding type registration java.time.OffsetTime -> basicType@4(java.time.OffsetTime,3007)
2024-01-13T23:37:37.025+05:30 DEBUG 15040 --- [           main] o.h.type.spi.TypeConfiguration$Scope     : Scoping TypeConfiguration [org.hibernate.type.spi.TypeConfiguration@41e7a544] to MetadataBuildingContext [org.hibernate.boot.internal.MetadataBuildingContextRootImpl@3b66ac74]
2024-01-13T23:37:37.979+05:30  INFO 15040 --- [           main] o.h.e.t.j.p.i.JtaPlatformInitiator       : HHH000489: No JTA platform available (set 'hibernate.transaction.jta.platform' to enable JTA platform integration)
2024-01-13T23:37:37.979+05:30 DEBUG 15040 --- [           main] o.h.type.spi.TypeConfiguration$Scope     : Scoping TypeConfiguration [org.hibernate.type.spi.TypeConfiguration@41e7a544] to SessionFactoryImplementor [org.hibernate.internal.SessionFactoryImpl@4c438f66]
2024-01-13T23:37:41.419+05:30 DEBUG 15040 --- [           main] org.hibernate.SQL                        : alter table category add constraint FKcjivi687ibsyxxotshw2365xe foreign key (category_id) references products (product_id)
Hibernate: alter table category add constraint FKcjivi687ibsyxxotshw2365xe foreign key (category_id) references products (product_id)
2024-01-13T23:37:41.913+05:30 DEBUG 15040 --- [           main] org.hibernate.SQL                        : alter table products add constraint FKnr9s6pv4igjvg2eyk67lc7pec foreign key (product_id) references category (category_id)
Hibernate: alter table products add constraint FKnr9s6pv4igjvg2eyk67lc7pec foreign key (product_id) references category (category_id)
2024-01-13T23:37:42.173+05:30 TRACE 15040 --- [           main] o.h.type.spi.TypeConfiguration$Scope     : Handling #sessionFactoryCreated from [org.hibernate.internal.SessionFactoryImpl@4c438f66] for TypeConfiguration
2024-01-13T23:37:42.174+05:30  INFO 15040 --- [           main] j.LocalContainerEntityManagerFactoryBean : Initialized JPA EntityManagerFactory for persistence unit 'default'
2024-01-13T23:37:42.947+05:30  WARN 15040 --- [           main] JpaBaseConfiguration$JpaWebConfiguration : spring.jpa.open-in-view is enabled by default. Therefore, database queries may be performed during view rendering. Explicitly configure spring.jpa.open-in-view to disable this warning
2024-01-13T23:37:43.606+05:30  INFO 15040 --- [           main] o.s.s.web.DefaultSecurityFilterChain     : Will secure any request with [org.springframework.security.web.session.DisableEncodeUrlFilter@216de23a, org.springframework.security.web.session.ForceEagerSessionCreationFilter@76e10574, org.springframework.security.web.session.ForceEagerSessionCreationFilter@3f6fd33b, org.springframework.security.web.context.request.async.WebAsyncManagerIntegrationFilter@7c290246, org.springframework.security.web.context.SecurityContextPersistenceFilter@34c050a1, org.springframework.security.web.header.HeaderWriterFilter@564e9c0b, org.springframework.web.filter.CorsFilter@3021e31, org.springframework.security.web.csrf.CsrfFilter@28f7cca4, org.springframework.security.web.authentication.logout.LogoutFilter@1e3c4c12, org.springframework.security.web.authentication.UsernamePasswordAuthenticationFilter@65a7bc80, org.springframework.security.web.authentication.ui.DefaultLoginPageGeneratingFilter@37bac0f4, org.springframework.security.web.authentication.ui.DefaultLogoutPageGeneratingFilter@4d305059, org.springframework.security.web.authentication.www.BasicAuthenticationFilter@515b7335, eCom.backEnd.filter.CsrfCookieFilter@3304362e, org.springframework.security.web.savedrequest.RequestCacheAwareFilter@5b2c9a69, org.springframework.security.web.servletapi.SecurityContextHolderAwareRequestFilter@19983dd1, org.springframework.security.web.authentication.AnonymousAuthenticationFilter@78b293a, org.springframework.security.web.session.SessionManagementFilter@21d478f3, org.springframework.security.web.access.ExceptionTranslationFilter@41db6e4b, org.springframework.security.web.access.intercept.AuthorizationFilter@6dd59886]
2024-01-13T23:37:44.325+05:30  INFO 15040 --- [           main] eCom.backEnd.BackEndApplicationTests     : Started BackEndApplicationTests in 12.836 seconds (process running for 13.989)
]]></system-out>
  </testcase>
</testsuite>