<?xml version="1.0" encoding="UTF-8"?>
<testsuite xmlns:xsi="http://www.w3.org/2001/XMLSchema-instance" xsi:noNamespaceSchemaLocation="https://maven.apache.org/surefire/maven-surefire-plugin/xsd/surefire-test-report-3.0.xsd" version="3.0" name="eCom.backEnd.BackEndApplicationTests" time="17.222" tests="1" errors="0" skipped="0" failures="0">
  <properties>
[...]
</properties>
  <testcase name="contextLoads" classname="eCom.backEnd.BackEndApplicationTests" time="0.731">
    <system-out><![CDATA[
  .   ____          _            __ _ _
 /\\ / ___'_ __ _ _(_)_ __  __ _ \ \ \ \
( ( )\___ | '_ | '_| | '_ \/ _` | \ \ \ \
 \\/  ___)| |_)| | | | | || (_| |  ) ) ) )
  '  |____| .__|_| |_|_| |_\__, | / / / /
 =========|_|==============|___/=/_/_/_/
 :: Spring Boot ::                (v3.2.1)

00:03:01.969 INFO  eCom.backEnd.BackEndApplicationTests - Starting BackEndApplicationTests using Java 17.0.9 with PID 18344 (started by shubh in D:\Development\e-com\backEnd)
00:03:01.973 DEBUG eCom.backEnd.BackEndApplicationTests - Running with Spring Boot v3.2.1, Spring v6.1.2
00:03:01.974 INFO  eCom.backEnd.BackEndApplicationTests - No active profile set, falling back to 1 default profile: "default"
00:03:03.359 INFO  org.hibernate.jpa.internal.util.LogHelper - HHH000204: Processing PersistenceUnitInfo [name: default]
00:03:03.436 INFO  org.hibernate.Version - HHH000412: Hibernate ORM core version 6.4.1.Final
00:03:03.474 INFO  org.hibernate.cache.internal.RegionFactoryInitiator - HHH000026: Second-level cache disabled
00:03:03.834 INFO  com.zaxxer.hikari.HikariDataSource - HikariPool-1 - Starting...
00:03:07.249 INFO  com.zaxxer.hikari.pool.HikariPool - HikariPool-1 - Added connection com.mysql.cj.jdbc.ConnectionImpl@6c2dd88b
00:03:07.252 INFO  com.zaxxer.hikari.HikariDataSource - HikariPool-1 - Start completed.
00:03:07.578 WARN  org.hibernate.dialect.Dialect - HHH000511: The 5.5.0 version for [org.hibernate.dialect.MySQLDialect] is no longer supported, hence certain features may not work properly. The minimum supported version is 8.0.0. Check the community dialects project for available legacy versions.
00:03:09.690 INFO  org.hibernate.engine.transaction.jta.platform.internal.JtaPlatformInitiator - HHH000489: No JTA platform available (set 'hibernate.transaction.jta.platform' to enable JTA platform integration)
Hibernate: alter table category add constraint FKcjivi687ibsyxxotshw2365xe foreign key (category_id) references products (product_id)
Hibernate: alter table products add constraint FKnr9s6pv4igjvg2eyk67lc7pec foreign key (product_id) references category (category_id)
00:03:17.138 INFO  eCom.backEnd.BackEndApplicationTests - Started BackEndApplicationTests in 15.423 seconds (process running for 17.484)
]]></system-out>
  </testcase>
</testsuite>